{"contracts/core/AssetTokenizer.sol":{"l":{"48":12,"50":12,"59":12,"60":12,"62":12,"71":0,"72":0},"path":"/Users/34r7h/Developer/hacks/xmbl-tokenizer/contracts/core/AssetTokenizer.sol","s":{"1":12,"2":12,"3":12,"4":12,"5":0,"6":0},"b":{"1":[0,0]},"f":{"1":12,"2":12,"3":0},"fnMap":{"1":{"name":"constructor","line":32,"loc":{"start":{"line":32,"column":4},"end":{"line":32,"column":66}}},"2":{"name":"tokenizeAsset","line":42,"loc":{"start":{"line":42,"column":4},"end":{"line":63,"column":4}}},"3":{"name":"getAsset","line":70,"loc":{"start":{"line":70,"column":4},"end":{"line":73,"column":4}}}},"statementMap":{"1":{"start":{"line":48,"column":8},"end":{"line":48,"column":43}},"2":{"start":{"line":59,"column":8},"end":{"line":59,"column":37}},"3":{"start":{"line":60,"column":8},"end":{"line":60,"column":73}},"4":{"start":{"line":62,"column":8},"end":{"line":62,"column":22}},"5":{"start":{"line":71,"column":8},"end":{"line":71,"column":71}},"6":{"start":{"line":72,"column":8},"end":{"line":72,"column":30}}},"branchMap":{"1":{"line":71,"type":"if","locations":[{"start":{"line":71,"column":8},"end":{"line":71,"column":8}},{"start":{"line":71,"column":8},"end":{"line":71,"column":8}}]}}},"contracts/core/LoanFactory.sol":{"l":{"42":12,"43":12,"60":11,"61":10,"63":9,"64":9,"67":9,"70":9,"77":9,"90":9,"93":9,"95":9,"96":9,"104":5,"105":5,"106":4,"109":3,"112":3,"114":3,"115":3,"122":18,"123":0,"124":0,"125":0,"126":0,"127":0,"129":0,"130":0,"131":0,"132":0,"133":0,"135":0},"path":"/Users/34r7h/Developer/hacks/xmbl-tokenizer/contracts/core/LoanFactory.sol","s":{"1":11,"2":10,"3":9,"4":9,"5":9,"6":9,"7":9,"8":9,"9":9,"10":9,"11":5,"12":5,"13":4,"14":3,"15":3,"16":3,"17":18,"18":18,"19":0,"20":0,"21":0,"22":0,"23":0,"24":0},"b":{"1":[11,0],"2":[10,1],"3":[9,1],"4":[5,0],"5":[4,1],"6":[3,1],"7":[18,0]},"f":{"1":12,"2":11,"3":5,"4":18},"fnMap":{"1":{"name":"constructor","line":41,"loc":{"start":{"line":41,"column":4},"end":{"line":44,"column":4}}},"2":{"name":"createLoan","line":59,"loc":{"start":{"line":54,"column":4},"end":{"line":97,"column":4}}},"3":{"name":"repayLoan","line":103,"loc":{"start":{"line":103,"column":4},"end":{"line":116,"column":4}}},"4":{"name":"_toString","line":121,"loc":{"start":{"line":121,"column":4},"end":{"line":136,"column":4}}}},"statementMap":{"1":{"start":{"line":60,"column":8},"end":{"line":60,"column":95}},"2":{"start":{"line":61,"column":8},"end":{"line":61,"column":54}},"3":{"start":{"line":63,"column":8},"end":{"line":63,"column":41}},"4":{"start":{"line":64,"column":8},"end":{"line":64,"column":82}},"5":{"start":{"line":67,"column":8},"end":{"line":67,"column":80}},"6":{"start":{"line":70,"column":8},"end":{"line":70,"column":2502}},"7":{"start":{"line":90,"column":8},"end":{"line":90,"column":45}},"8":{"start":{"line":93,"column":8},"end":{"line":93,"column":47}},"9":{"start":{"line":95,"column":8},"end":{"line":95,"column":59}},"10":{"start":{"line":96,"column":8},"end":{"line":96,"column":21}},"11":{"start":{"line":104,"column":8},"end":{"line":104,"column":41}},"12":{"start":{"line":105,"column":8},"end":{"line":105,"column":67}},"13":{"start":{"line":106,"column":8},"end":{"line":106,"column":59}},"14":{"start":{"line":109,"column":8},"end":{"line":109,"column":67}},"15":{"start":{"line":112,"column":8},"end":{"line":112,"column":85}},"16":{"start":{"line":115,"column":8},"end":{"line":115,"column":47}},"17":{"start":{"line":122,"column":8},"end":{"line":122,"column":34}},"18":{"start":{"line":122,"column":24},"end":{"line":122,"column":34}},"19":{"start":{"line":123,"column":8},"end":{"line":123,"column":28}},"20":{"start":{"line":124,"column":8},"end":{"line":124,"column":22}},"21":{"start":{"line":125,"column":8},"end":{"line":125,"column":4325}},"22":{"start":{"line":129,"column":8},"end":{"line":129,"column":47}},"23":{"start":{"line":130,"column":8},"end":{"line":130,"column":4458}},"24":{"start":{"line":135,"column":8},"end":{"line":135,"column":29}}},"branchMap":{"1":{"line":59,"type":"if","locations":[{"start":{"line":59,"column":15},"end":{"line":59,"column":15}},{"start":{"line":59,"column":15},"end":{"line":59,"column":15}}]},"2":{"line":60,"type":"if","locations":[{"start":{"line":60,"column":8},"end":{"line":60,"column":8}},{"start":{"line":60,"column":8},"end":{"line":60,"column":8}}]},"3":{"line":61,"type":"if","locations":[{"start":{"line":61,"column":8},"end":{"line":61,"column":8}},{"start":{"line":61,"column":8},"end":{"line":61,"column":8}}]},"4":{"line":103,"type":"if","locations":[{"start":{"line":103,"column":48},"end":{"line":103,"column":48}},{"start":{"line":103,"column":48},"end":{"line":103,"column":48}}]},"5":{"line":105,"type":"if","locations":[{"start":{"line":105,"column":8},"end":{"line":105,"column":8}},{"start":{"line":105,"column":8},"end":{"line":105,"column":8}}]},"6":{"line":106,"type":"if","locations":[{"start":{"line":106,"column":8},"end":{"line":106,"column":8}},{"start":{"line":106,"column":8},"end":{"line":106,"column":8}}]},"7":{"line":122,"type":"if","locations":[{"start":{"line":122,"column":8},"end":{"line":122,"column":8}},{"start":{"line":122,"column":8},"end":{"line":122,"column":8}}]}}},"contracts/core/LoanToken.sol":{"l":{"28":9,"29":9,"30":9,"38":0},"path":"/Users/34r7h/Developer/hacks/xmbl-tokenizer/contracts/core/LoanToken.sol","s":{"1":9,"2":0},"b":{},"f":{"1":9,"2":0},"fnMap":{"1":{"name":"constructor","line":27,"loc":{"start":{"line":22,"column":4},"end":{"line":31,"column":4}}},"2":{"name":"getLoanInfo","line":37,"loc":{"start":{"line":37,"column":4},"end":{"line":39,"column":4}}}},"statementMap":{"1":{"start":{"line":30,"column":8},"end":{"line":30,"column":37}},"2":{"start":{"line":38,"column":8},"end":{"line":38,"column":37}}},"branchMap":{}},"contracts/test/MockERC20.sol":{"l":{"18":12,"22":0,"31":18,"40":0},"path":"/Users/34r7h/Developer/hacks/xmbl-tokenizer/contracts/test/MockERC20.sol","s":{"1":0,"2":18,"3":0},"b":{},"f":{"1":12,"2":0,"3":18,"4":0},"fnMap":{"1":{"name":"constructor","line":17,"loc":{"start":{"line":13,"column":4},"end":{"line":19,"column":4}}},"2":{"name":"decimals","line":21,"loc":{"start":{"line":21,"column":4},"end":{"line":23,"column":4}}},"3":{"name":"mint","line":30,"loc":{"start":{"line":30,"column":4},"end":{"line":32,"column":4}}},"4":{"name":"burn","line":39,"loc":{"start":{"line":39,"column":4},"end":{"line":41,"column":4}}}},"statementMap":{"1":{"start":{"line":22,"column":8},"end":{"line":22,"column":24}},"2":{"start":{"line":31,"column":8},"end":{"line":31,"column":24}},"3":{"start":{"line":40,"column":8},"end":{"line":40,"column":26}}},"branchMap":{}}}