{"contracts/agents/AgentExecutor.sol":{"l":{"38":5,"44":5,"46":5,"54":5,"55":5,"57":5,"66":2,"67":2,"74":1,"75":1,"84":2,"85":2,"86":1},"path":"/Users/34r7h/Developer/hacks/xmbl-tokenizer/contracts/agents/AgentExecutor.sol","s":{"1":5,"2":5,"3":5,"4":5,"5":5,"6":2,"7":2,"8":1,"9":2,"10":2},"b":{"1":[5,0],"2":[1,1],"3":[1,1]},"f":{"1":6,"2":5,"3":2,"4":2},"fnMap":{"1":{"name":"constructor","line":26,"loc":{"start":{"line":26,"column":4},"end":{"line":26,"column":39}}},"2":{"name":"registerStrategy","line":34,"loc":{"start":{"line":34,"column":4},"end":{"line":58,"column":4}}},"3":{"name":"executeStrategy","line":65,"loc":{"start":{"line":65,"column":4},"end":{"line":76,"column":4}}},"4":{"name":"setStrategyStatus","line":83,"loc":{"start":{"line":83,"column":4},"end":{"line":87,"column":4}}}},"statementMap":{"1":{"start":{"line":38,"column":8},"end":{"line":38,"column":1301}},"2":{"start":{"line":44,"column":8},"end":{"line":44,"column":80}},"3":{"start":{"line":54,"column":8},"end":{"line":54,"column":50}},"4":{"start":{"line":55,"column":8},"end":{"line":55,"column":69}},"5":{"start":{"line":57,"column":8},"end":{"line":57,"column":25}},"6":{"start":{"line":66,"column":8},"end":{"line":66,"column":58}},"7":{"start":{"line":67,"column":8},"end":{"line":67,"column":56}},"8":{"start":{"line":75,"column":8},"end":{"line":75,"column":58}},"9":{"start":{"line":84,"column":8},"end":{"line":84,"column":58}},"10":{"start":{"line":85,"column":8},"end":{"line":85,"column":57}}},"branchMap":{"1":{"line":44,"type":"if","locations":[{"start":{"line":44,"column":8},"end":{"line":44,"column":8}},{"start":{"line":44,"column":8},"end":{"line":44,"column":8}}]},"2":{"line":67,"type":"if","locations":[{"start":{"line":67,"column":8},"end":{"line":67,"column":8}},{"start":{"line":67,"column":8},"end":{"line":67,"column":8}}]},"3":{"line":85,"type":"if","locations":[{"start":{"line":85,"column":8},"end":{"line":85,"column":8}},{"start":{"line":85,"column":8},"end":{"line":85,"column":8}}]}}},"contracts/core/AssetTokenizer.sol":{"l":{"48":0,"50":0,"59":0,"60":0,"62":0,"71":0,"72":0},"path":"/Users/34r7h/Developer/hacks/xmbl-tokenizer/contracts/core/AssetTokenizer.sol","s":{"1":0,"2":0,"3":0,"4":0,"5":0,"6":0},"b":{"1":[0,0]},"f":{"1":0,"2":0,"3":0},"fnMap":{"1":{"name":"constructor","line":32,"loc":{"start":{"line":32,"column":4},"end":{"line":32,"column":66}}},"2":{"name":"tokenizeAsset","line":42,"loc":{"start":{"line":42,"column":4},"end":{"line":63,"column":4}}},"3":{"name":"getAsset","line":70,"loc":{"start":{"line":70,"column":4},"end":{"line":73,"column":4}}}},"statementMap":{"1":{"start":{"line":48,"column":8},"end":{"line":48,"column":43}},"2":{"start":{"line":59,"column":8},"end":{"line":59,"column":37}},"3":{"start":{"line":60,"column":8},"end":{"line":60,"column":73}},"4":{"start":{"line":62,"column":8},"end":{"line":62,"column":22}},"5":{"start":{"line":71,"column":8},"end":{"line":71,"column":71}},"6":{"start":{"line":72,"column":8},"end":{"line":72,"column":30}}},"branchMap":{"1":{"line":71,"type":"if","locations":[{"start":{"line":71,"column":8},"end":{"line":71,"column":8}},{"start":{"line":71,"column":8},"end":{"line":71,"column":8}}]}}},"contracts/core/LoanFactory.sol":{"l":{"42":0,"43":0,"60":0,"61":0,"63":0,"64":0,"67":0,"70":0,"77":0,"90":0,"93":0,"95":0,"96":0,"104":0,"105":0,"106":0,"109":0,"112":0,"114":0,"115":0,"122":0,"123":0,"124":0,"125":0,"126":0,"127":0,"129":0,"130":0,"131":0,"132":0,"133":0,"135":0},"path":"/Users/34r7h/Developer/hacks/xmbl-tokenizer/contracts/core/LoanFactory.sol","s":{"1":0,"2":0,"3":0,"4":0,"5":0,"6":0,"7":0,"8":0,"9":0,"10":0,"11":0,"12":0,"13":0,"14":0,"15":0,"16":0,"17":0,"18":0,"19":0,"20":0,"21":0,"22":0,"23":0,"24":0},"b":{"1":[0,0],"2":[0,0],"3":[0,0],"4":[0,0],"5":[0,0],"6":[0,0],"7":[0,0]},"f":{"1":0,"2":0,"3":0,"4":0},"fnMap":{"1":{"name":"constructor","line":41,"loc":{"start":{"line":41,"column":4},"end":{"line":44,"column":4}}},"2":{"name":"createLoan","line":59,"loc":{"start":{"line":54,"column":4},"end":{"line":97,"column":4}}},"3":{"name":"repayLoan","line":103,"loc":{"start":{"line":103,"column":4},"end":{"line":116,"column":4}}},"4":{"name":"_toString","line":121,"loc":{"start":{"line":121,"column":4},"end":{"line":136,"column":4}}}},"statementMap":{"1":{"start":{"line":60,"column":8},"end":{"line":60,"column":95}},"2":{"start":{"line":61,"column":8},"end":{"line":61,"column":54}},"3":{"start":{"line":63,"column":8},"end":{"line":63,"column":41}},"4":{"start":{"line":64,"column":8},"end":{"line":64,"column":82}},"5":{"start":{"line":67,"column":8},"end":{"line":67,"column":80}},"6":{"start":{"line":70,"column":8},"end":{"line":70,"column":2502}},"7":{"start":{"line":90,"column":8},"end":{"line":90,"column":45}},"8":{"start":{"line":93,"column":8},"end":{"line":93,"column":47}},"9":{"start":{"line":95,"column":8},"end":{"line":95,"column":59}},"10":{"start":{"line":96,"column":8},"end":{"line":96,"column":21}},"11":{"start":{"line":104,"column":8},"end":{"line":104,"column":41}},"12":{"start":{"line":105,"column":8},"end":{"line":105,"column":67}},"13":{"start":{"line":106,"column":8},"end":{"line":106,"column":59}},"14":{"start":{"line":109,"column":8},"end":{"line":109,"column":67}},"15":{"start":{"line":112,"column":8},"end":{"line":112,"column":85}},"16":{"start":{"line":115,"column":8},"end":{"line":115,"column":47}},"17":{"start":{"line":122,"column":8},"end":{"line":122,"column":34}},"18":{"start":{"line":122,"column":24},"end":{"line":122,"column":34}},"19":{"start":{"line":123,"column":8},"end":{"line":123,"column":28}},"20":{"start":{"line":124,"column":8},"end":{"line":124,"column":22}},"21":{"start":{"line":125,"column":8},"end":{"line":125,"column":4325}},"22":{"start":{"line":129,"column":8},"end":{"line":129,"column":47}},"23":{"start":{"line":130,"column":8},"end":{"line":130,"column":4458}},"24":{"start":{"line":135,"column":8},"end":{"line":135,"column":29}}},"branchMap":{"1":{"line":59,"type":"if","locations":[{"start":{"line":59,"column":15},"end":{"line":59,"column":15}},{"start":{"line":59,"column":15},"end":{"line":59,"column":15}}]},"2":{"line":60,"type":"if","locations":[{"start":{"line":60,"column":8},"end":{"line":60,"column":8}},{"start":{"line":60,"column":8},"end":{"line":60,"column":8}}]},"3":{"line":61,"type":"if","locations":[{"start":{"line":61,"column":8},"end":{"line":61,"column":8}},{"start":{"line":61,"column":8},"end":{"line":61,"column":8}}]},"4":{"line":103,"type":"if","locations":[{"start":{"line":103,"column":48},"end":{"line":103,"column":48}},{"start":{"line":103,"column":48},"end":{"line":103,"column":48}}]},"5":{"line":105,"type":"if","locations":[{"start":{"line":105,"column":8},"end":{"line":105,"column":8}},{"start":{"line":105,"column":8},"end":{"line":105,"column":8}}]},"6":{"line":106,"type":"if","locations":[{"start":{"line":106,"column":8},"end":{"line":106,"column":8}},{"start":{"line":106,"column":8},"end":{"line":106,"column":8}}]},"7":{"line":122,"type":"if","locations":[{"start":{"line":122,"column":8},"end":{"line":122,"column":8}},{"start":{"line":122,"column":8},"end":{"line":122,"column":8}}]}}},"contracts/core/LoanToken.sol":{"l":{"28":0,"29":0,"30":0,"38":0},"path":"/Users/34r7h/Developer/hacks/xmbl-tokenizer/contracts/core/LoanToken.sol","s":{"1":0,"2":0},"b":{},"f":{"1":0,"2":0},"fnMap":{"1":{"name":"constructor","line":27,"loc":{"start":{"line":22,"column":4},"end":{"line":31,"column":4}}},"2":{"name":"getLoanInfo","line":37,"loc":{"start":{"line":37,"column":4},"end":{"line":39,"column":4}}}},"statementMap":{"1":{"start":{"line":30,"column":8},"end":{"line":30,"column":37}},"2":{"start":{"line":38,"column":8},"end":{"line":38,"column":37}}},"branchMap":{}},"contracts/core/PortfolioToken.sol":{"l":{"36":0,"38":0,"39":0,"40":0,"41":0,"42":0,"44":0,"46":0,"47":0,"55":0},"path":"/Users/34r7h/Developer/hacks/xmbl-tokenizer/contracts/core/PortfolioToken.sol","s":{"1":0,"2":0,"3":0,"4":0,"5":0,"6":0,"7":0,"8":0},"b":{"1":[0,0],"2":[0,0]},"f":{"1":0,"2":0},"fnMap":{"1":{"name":"constructor","line":35,"loc":{"start":{"line":30,"column":4},"end":{"line":48,"column":4}}},"2":{"name":"getComposition","line":54,"loc":{"start":{"line":54,"column":4},"end":{"line":56,"column":4}}}},"statementMap":{"1":{"start":{"line":36,"column":8},"end":{"line":36,"column":58}},"2":{"start":{"line":38,"column":8},"end":{"line":38,"column":31}},"3":{"start":{"line":39,"column":8},"end":{"line":39,"column":1213}},"4":{"start":{"line":40,"column":12},"end":{"line":40,"column":44}},"5":{"start":{"line":44,"column":8},"end":{"line":44,"column":64}},"6":{"start":{"line":46,"column":8},"end":{"line":46,"column":37}},"7":{"start":{"line":47,"column":8},"end":{"line":47,"column":54}},"8":{"start":{"line":55,"column":8},"end":{"line":55,"column":26}}},"branchMap":{"1":{"line":36,"type":"if","locations":[{"start":{"line":36,"column":8},"end":{"line":36,"column":8}},{"start":{"line":36,"column":8},"end":{"line":36,"column":8}}]},"2":{"line":44,"type":"if","locations":[{"start":{"line":44,"column":8},"end":{"line":44,"column":8}},{"start":{"line":44,"column":8},"end":{"line":44,"column":8}}]}}},"contracts/integrations/YellowBridge.sol":{"l":{"32":0,"35":0,"36":0,"39":0,"41":0,"49":0,"50":0,"59":0,"60":0,"61":0,"62":0,"64":0,"67":0,"69":0},"path":"/Users/34r7h/Developer/hacks/xmbl-tokenizer/contracts/integrations/YellowBridge.sol","s":{"1":0,"2":0,"3":0,"4":0,"5":0,"6":0,"7":0,"8":0,"9":0,"10":0,"11":0,"12":0},"b":{"1":[0,0],"2":[0,0],"3":[0,0],"4":[0,0],"5":[0,0],"6":[0,0],"7":[0,0]},"f":{"1":0,"2":0},"fnMap":{"1":{"name":"startSession","line":31,"loc":{"start":{"line":31,"column":4},"end":{"line":51,"column":4}}},"2":{"name":"settleSession","line":58,"loc":{"start":{"line":58,"column":4},"end":{"line":70,"column":4}}}},"statementMap":{"1":{"start":{"line":32,"column":8},"end":{"line":32,"column":44}},"2":{"start":{"line":35,"column":8},"end":{"line":35,"column":91}},"3":{"start":{"line":36,"column":8},"end":{"line":36,"column":69}},"4":{"start":{"line":39,"column":8},"end":{"line":39,"column":68}},"5":{"start":{"line":49,"column":8},"end":{"line":49,"column":65}},"6":{"start":{"line":50,"column":8},"end":{"line":50,"column":24}},"7":{"start":{"line":59,"column":8},"end":{"line":59,"column":53}},"8":{"start":{"line":60,"column":8},"end":{"line":60,"column":54}},"9":{"start":{"line":61,"column":8},"end":{"line":61,"column":63}},"10":{"start":{"line":62,"column":8},"end":{"line":62,"column":80}},"11":{"start":{"line":67,"column":8},"end":{"line":67,"column":65}},"12":{"start":{"line":69,"column":8},"end":{"line":69,"column":52}}},"branchMap":{"1":{"line":31,"type":"if","locations":[{"start":{"line":31,"column":66},"end":{"line":31,"column":66}},{"start":{"line":31,"column":66},"end":{"line":31,"column":66}}]},"2":{"line":32,"type":"if","locations":[{"start":{"line":32,"column":8},"end":{"line":32,"column":8}},{"start":{"line":32,"column":8},"end":{"line":32,"column":8}}]},"3":{"line":36,"type":"if","locations":[{"start":{"line":36,"column":8},"end":{"line":36,"column":8}},{"start":{"line":36,"column":8},"end":{"line":36,"column":8}}]},"4":{"line":58,"type":"if","locations":[{"start":{"line":58,"column":77},"end":{"line":58,"column":77}},{"start":{"line":58,"column":77},"end":{"line":58,"column":77}}]},"5":{"line":60,"type":"if","locations":[{"start":{"line":60,"column":8},"end":{"line":60,"column":8}},{"start":{"line":60,"column":8},"end":{"line":60,"column":8}}]},"6":{"line":61,"type":"if","locations":[{"start":{"line":61,"column":8},"end":{"line":61,"column":8}},{"start":{"line":61,"column":8},"end":{"line":61,"column":8}}]},"7":{"line":62,"type":"if","locations":[{"start":{"line":62,"column":8},"end":{"line":62,"column":8}},{"start":{"line":62,"column":8},"end":{"line":62,"column":8}}]}}},"contracts/test/MockERC20.sol":{"l":{"18":0,"22":0,"31":0,"40":0},"path":"/Users/34r7h/Developer/hacks/xmbl-tokenizer/contracts/test/MockERC20.sol","s":{"1":0,"2":0,"3":0},"b":{},"f":{"1":0,"2":0,"3":0,"4":0},"fnMap":{"1":{"name":"constructor","line":17,"loc":{"start":{"line":13,"column":4},"end":{"line":19,"column":4}}},"2":{"name":"decimals","line":21,"loc":{"start":{"line":21,"column":4},"end":{"line":23,"column":4}}},"3":{"name":"mint","line":30,"loc":{"start":{"line":30,"column":4},"end":{"line":32,"column":4}}},"4":{"name":"burn","line":39,"loc":{"start":{"line":39,"column":4},"end":{"line":41,"column":4}}}},"statementMap":{"1":{"start":{"line":22,"column":8},"end":{"line":22,"column":24}},"2":{"start":{"line":31,"column":8},"end":{"line":31,"column":24}},"3":{"start":{"line":40,"column":8},"end":{"line":40,"column":26}}},"branchMap":{}}}